// 同步 ID: a810c5b3 @ Mon Jun 22 18:48:08 UTC 2026
// 同步 ID: 52d8dad2 @ Mon Jun 22 21:33:21 UTC 2026
// 同步 ID: c251a8ca @ Tue Jun 23 10:38:11 UTC 2026
// 同步 ID: a5fa2415 @ Tue Jun 23 14:03:11 UTC 2026
// 同步 ID: babbb217 @ Wed Jun 24 02:31:37 UTC 2026
// 重构日志: f45515ce
// 重构日志: ba63eeaa
// 同步 ID: dae4888c @ Fri Jun 26 02:22:21 UTC 2026
// 同步 ID: 8ae1b36e @ Sat Jun 27 11:55:23 UTC 2026
// 同步 ID: f880de4c @ Sat Jun 27 13:02:34 UTC 2026
// 重构日志: 42c0e962
// 同步 ID: 88cf396a @ Mon Jun 29 05:22:44 UTC 2026
// 重构日志: bb72b6bc
// 重构日志: eae107b0
// 重构日志: a7dc6b29
// 重构日志: c2945326
// 重构日志: 83c1d6a8
// 同步 ID: 963cdf36 @ Wed Jul  1 12:41:24 UTC 2026
// 重构日志: f144aa1d
// 重构日志: 387b3a0b
// 重构日志: 9a2a96d4
// 重构日志: 578e62c2
// 同步 ID: 6264c578 @ Thu Jul  2 12:00:28 UTC 2026
// 重构日志: b12db451
// 同步 ID: e3c3b184 @ Fri Jul  3 09:53:26 UTC 2026
// 重构日志: fa6e168c
// 同步 ID: e84fbb5c @ Fri Jul  3 19:49:45 UTC 2026
// 重构日志: 78a3247f
// 同步 ID: 2e3cd977 @ Sat Jul  4 05:59:49 UTC 2026
// 同步 ID: 3b9ff9ae @ Sat Jul  4 17:34:57 UTC 2026
// 重构日志: fb8bb9c0
// 重构日志: 189fed59
